<?xml version="1.0" encoding="UTF-8"?>
<!-- Generated by org.testng.reporters.JUnitReportReporter -->
<testsuite hostname="5CG1367HXX" failures="0" tests="15" name="EPOSMobileTestFramework.MobileTestFramework.PairingTestCases" time="216.198" errors="0" timestamp="2024-02-15T16:29:23 IST" skipped="0">
  <testcase classname="EPOSMobileTestFramework.MobileTestFramework.PairingTestCases" name="TES_31947" time="33.068"/>
  <system-out/>
  <testcase classname="EPOSMobileTestFramework.MobileTestFramework.PairingTestCases" name="TES_31953" time="18.304"/>
  <system-out/>
  <testcase classname="EPOSMobileTestFramework.MobileTestFramework.PairingTestCases" name="TES_31970" time="54.855"/>
  <system-out/>
  <testcase classname="EPOSMobileTestFramework.MobileTestFramework.PairingTestCases" name="TES_31967" time="25.265"/>
  <system-out/>
  <testcase classname="EPOSMobileTestFramework.MobileTestFramework.PairingTestCases" name="TES_33070" time="5.235"/>
  <system-out/>
  <testcase classname="EPOSMobileTestFramework.MobileTestFramework.PairingTestCases" name="TES_33080" time="5.203"/>
  <system-out/>
  <testcase classname="EPOSMobileTestFramework.MobileTestFramework.PairingTestCases" name="TES_33079" time="5.206"/>
  <system-out/>
  <testcase classname="EPOSMobileTestFramework.MobileTestFramework.PairingTestCases" name="TES_33071" time="9.573"/>
  <system-out/>
  <testcase classname="EPOSMobileTestFramework.MobileTestFramework.PairingTestCases" name="TES_33069" time="13.682"/>
  <system-out/>
  <testcase classname="EPOSMobileTestFramework.MobileTestFramework.PairingTestCases" name="TES_33072" time="6.405"/>
  <system-out/>
  <testcase classname="EPOSMobileTestFramework.MobileTestFramework.PairingTestCases" name="TES_33075" time="5.457"/>
  <system-out/>
  <testcase classname="EPOSMobileTestFramework.MobileTestFramework.PairingTestCases" name="TES_33074" time="5.480"/>
  <system-out/>
  <testcase classname="EPOSMobileTestFramework.MobileTestFramework.PairingTestCases" name="TES_33073" time="5.683"/>
  <system-out/>
  <testcase classname="EPOSMobileTestFramework.MobileTestFramework.PairingTestCases" name="TES_33077" time="5.343"/>
  <system-out/>
  <testcase classname="EPOSMobileTestFramework.MobileTestFramework.PairingTestCases" name="TES_33076" time="17.439"/>
  <system-out/>
</testsuite> <!-- EPOSMobileTestFramework.MobileTestFramework.PairingTestCases -->
