<?xml version="1.0" encoding="UTF-8"?>
<!-- Generated by org.testng.reporters.JUnitReportReporter -->
<testsuite hostname="5CG1367HXX" failures="0" tests="3" name="EPOSMobileTestFramework.MobileTestFramework.Validation" time="108.777" errors="0" timestamp="2024-02-07T11:20:45 IST" skipped="0">
  <testcase classname="EPOSMobileTestFramework.MobileTestFramework.Validation" name="WelcomeScreen" time="43.813"/>
  <system-out/>
  <testcase classname="EPOSMobileTestFramework.MobileTestFramework.Validation" name="PairingScreen" time="42.543"/>
  <system-out/>
  <testcase classname="EPOSMobileTestFramework.MobileTestFramework.Validation" name="HomeScreen" time="22.421"/>
  <system-out/>
</testsuite> <!-- EPOSMobileTestFramework.MobileTestFramework.Validation -->
