<?xml version="1.0" encoding="UTF-8"?>
<!-- Generated by org.testng.reporters.JUnitReportReporter -->
<testsuite hostname="5CG1367HXX" failures="0" tests="1" name="EPOSMobileTestFramework.MobileTestFramework.UnPairingHeadset" time="55.807" errors="0" timestamp="2024-01-31T15:03:07 IST" skipped="0">
  <testcase classname="EPOSMobileTestFramework.MobileTestFramework.UnPairingHeadset" name="AppDeviceValidation" time="55.807"/>
  <system-out/>
</testsuite> <!-- EPOSMobileTestFramework.MobileTestFramework.UnPairingHeadset -->
