<?xml version="1.0" encoding="UTF-8"?>
<!-- Generated by org.testng.reporters.JUnitReportReporter -->
<testsuite hostname="5CG1367HXX" failures="0" tests="15" name="EPOSMobileTestFramework.MobileTestFramework.PairingTestCases" time="223.341" errors="0" timestamp="2024-02-14T16:55:35 IST" skipped="0">
  <testcase classname="EPOSMobileTestFramework.MobileTestFramework.PairingTestCases" name="TES_31947" time="37.611"/>
  <system-out/>
  <testcase classname="EPOSMobileTestFramework.MobileTestFramework.PairingTestCases" name="TES_31953" time="18.129"/>
  <system-out/>
  <testcase classname="EPOSMobileTestFramework.MobileTestFramework.PairingTestCases" name="TES_31970" time="54.977"/>
  <system-out/>
  <testcase classname="EPOSMobileTestFramework.MobileTestFramework.PairingTestCases" name="TES_31967" time="26.936"/>
  <system-out/>
  <testcase classname="EPOSMobileTestFramework.MobileTestFramework.PairingTestCases" name="TES_33070" time="5.612"/>
  <system-out/>
  <testcase classname="EPOSMobileTestFramework.MobileTestFramework.PairingTestCases" name="TES_33080" time="5.150"/>
  <system-out/>
  <testcase classname="EPOSMobileTestFramework.MobileTestFramework.PairingTestCases" name="TES_33079" time="5.268"/>
  <system-out/>
  <testcase classname="EPOSMobileTestFramework.MobileTestFramework.PairingTestCases" name="TES_33071" time="9.887"/>
  <system-out/>
  <testcase classname="EPOSMobileTestFramework.MobileTestFramework.PairingTestCases" name="TES_33069" time="13.496"/>
  <system-out/>
  <testcase classname="EPOSMobileTestFramework.MobileTestFramework.PairingTestCases" name="TES_33072" time="6.376"/>
  <system-out/>
  <testcase classname="EPOSMobileTestFramework.MobileTestFramework.PairingTestCases" name="TES_33075" time="5.613"/>
  <system-out/>
  <testcase classname="EPOSMobileTestFramework.MobileTestFramework.PairingTestCases" name="TES_33074" time="5.363"/>
  <system-out/>
  <testcase classname="EPOSMobileTestFramework.MobileTestFramework.PairingTestCases" name="TES_33073" time="5.522"/>
  <system-out/>
  <testcase classname="EPOSMobileTestFramework.MobileTestFramework.PairingTestCases" name="TES_33077" time="5.240"/>
  <system-out/>
  <testcase classname="EPOSMobileTestFramework.MobileTestFramework.PairingTestCases" name="TES_33076" time="18.161"/>
  <system-out/>
</testsuite> <!-- EPOSMobileTestFramework.MobileTestFramework.PairingTestCases -->
